/*
['./programs/a.py', './programs/b.py', './programs/c.py']
★★★★★★★★★★★★★★★★★★★★★★★★★★★★★★★★★★★★★★★★★★★★★★★★★★★★★★★★★★★★★★★★★★★★★★★★★★★★★★★★★★★★★★★★★★★★★★★★★★★★
----------------------------------------------------------------------------------------------------
text1：./programs/a.py：text2：./programs/b.py

Ratio：
小数第5位：1.0
全て 　　：1.0

diff:

  def main(a):

      for i in a:

          print(f"{a}")

  

  if __name__ == '__main__':

      a = [i for i in range(10)]

      main(a)
----------------------------------------------------------------------------------------------------
text1：./programs/a.py：text2：./programs/c.py

Ratio：
小数第5位：0.71429
全て 　　：0.7142857142857143

diff:

  def main(a):

-     for i in a:

+     for i, j in enumerate(a):

-         print(f"{a}")

?                  ^

+         print(f"{i}:{j}")

?                  ^^^^^

  

  if __name__ == '__main__':

      a = [i for i in range(10)]

      main(a)
----------------------------------------------------------------------------------------------------
★★★★★★★★★★★★★★★★★★★★★★★★★★★★★★★★★★★★★★★★★★★★★★★★★★★★★★★★★★★★★★★★★★★★★★★★★★★★★★★★★★★★★★★★★★★★★★★★★★★★
----------------------------------------------------------------------------------------------------
text1：./programs/b.py：text2：./programs/c.py

Ratio：
小数第5位：0.71429
全て 　　：0.7142857142857143

diff:

  def main(a):

-     for i in a:

+     for i, j in enumerate(a):

-         print(f"{a}")

?                  ^

+         print(f"{i}:{j}")

?                  ^^^^^

  

  if __name__ == '__main__':

      a = [i for i in range(10)]

      main(a)
----------------------------------------------------------------------------------------------------
★★★★★★★★★★★★★★★★★★★★★★★★★★★★★★★★★★★★★★★★★★★★★★★★★★★★★★★★★★★★★★★★★★★★★★★★★★★★★★★★★★★★★★★★★★★★★★★★★★★★
----------------------------------------------------------------------------------------------------
----------------------------------------------------------------------------------------------------
ratio：1.0
./programs/a.py
./programs/b.py

ratio：0.7142857142857143
./programs/a.py
./programs/c.py

----------------------------------------------------------------------------------------------------
ratio：0.7142857142857143
./programs/b.py
./programs/c.py

----------------------------------------------------------------------------------------------------
