/*/*
['./programs/1/1_a.py', './programs/2/2_b.py', './programs/3/3_c.py']
★★★★★★★★★★★★★★★★★★★★★★★★★★★★★★★★★★★★★★★★★★★★★★★★★★★★★★★★★★★★★★★★★★★★★★★★★★★★★★★★★★★★★★★★★★★★★★★★★★★★
----------------------------------------------------------------------------------------------------
text1：./programs/1/1_a.py：text2：./programs/2/2_b.py

Ratio：
小数第5位：1.0
全て 　　：1.0

diff:

  def main(a):

      for i in a:

          print(f"{a}")

  

  if __name__ == '__main__':

      a = [i for i in range(10)]

      main(a)
----------------------------------------------------------------------------------------------------
text1：./programs/1/1_a.py：text2：./programs/3/3_c.py

Ratio：
小数第5位：0.71429
全て 　　：0.7142857142857143
----------------------------------------------------------------------------------------------------
★★★★★★★★★★★★★★★★★★★★★★★★★★★★★★★★★★★★★★★★★★★★★★★★★★★★★★★★★★★★★★★★★★★★★★★★★★★★★★★★★★★★★★★★★★★★★★★★★★★★
----------------------------------------------------------------------------------------------------
text1：./programs/2/2_b.py：text2：./programs/3/3_c.py

Ratio：
小数第5位：0.71429
全て 　　：0.7142857142857143
----------------------------------------------------------------------------------------------------
★★★★★★★★★★★★★★★★★★★★★★★★★★★★★★★★★★★★★★★★★★★★★★★★★★★★★★★★★★★★★★★★★★★★★★★★★★★★★★★★★★★★★★★★★★★★★★★★★★★★
----------------------------------------------------------------------------------------------------
----------------------------------------------------------------------------------------------------
ratio：1.0
./programs/1/1_a.py
./programs/2/2_b.py

----------------------------------------------------------------------------------------------------
